<?xml version="1.0" encoding="UTF-8"?>
<!-- Generated by org.testng.reporters.JUnitReportReporter -->
<testsuite hostname="RM-ROBBERFLY" name="org.osate.units.test.NewTest" tests="2" failures="0" timestamp="1 Jan 2015 15:40:41 GMT" time="0.047" errors="0">
  <testcase name="f" time="0.000" classname="org.osate.units.test.NewTest"/>
  <testcase name="f" time="0.047" classname="org.osate.units.test.NewTest"/>
</testsuite> <!-- org.osate.units.test.NewTest -->
